<?xml version="1.0" encoding="UTF-8"?>
<!-- Generated by org.testng.reporters.JUnitXMLReporter -->
<testsuite hostname="DESKTOP-JB134JG" ignored="0" name="workingwithMdFw " tests="1" failures="1" timestamp="20 Jun 2019 03:34:17 GMT" time="16.357" errors="0">
  <testcase name="verifyTxttoSearch" time="10.122" classname="com.Pom.TestCaseExecution">
    <failure type="org.openqa.selenium.WebDriverException" message="java.net.SocketTimeoutException: timeout
Build info: version: &amp;apos;3.9.0&amp;apos;, revision: &amp;apos;698b3178f0&amp;apos;, time: &amp;apos;2018-02-05T14:56:06.3Z&amp;apos;
System info: host: &amp;apos;DESKTOP-JB134JG&amp;apos;, ip: &amp;apos;192.168.222.1&amp;apos;, os.name: &amp;apos;Windows 10&amp;apos;, os.arch: &amp;apos;amd64&amp;apos;, os.version: &amp;apos;10.0&amp;apos;, java.version: &amp;apos;1.8.0_131&amp;apos;
Driver info: driver.version: RemoteWebDriver">
      <![CDATA[org.openqa.selenium.WebDriverException: java.net.SocketTimeoutException: timeout
Build info: version: '3.9.0', revision: '698b3178f0', time: '2018-02-05T14:56:06.3Z'
System info: host: 'DESKTOP-JB134JG', ip: '192.168.222.1', os.name: 'Windows 10', os.arch: 'amd64', os.version: '10.0', java.version: '1.8.0_131'
Driver info: driver.version: RemoteWebDriver
	at org.openqa.selenium.remote.service.DriverCommandExecutor.execute(DriverCommandExecutor.java:92)
	at org.openqa.selenium.remote.RemoteWebDriver.execute(RemoteWebDriver.java:601)
	at org.openqa.selenium.remote.RemoteWebDriver.findElement(RemoteWebDriver.java:371)
	at org.openqa.selenium.remote.RemoteWebDriver.findElementByName(RemoteWebDriver.java:449)
	at org.openqa.selenium.By$ByName.findElement(By.java:303)
	at org.openqa.selenium.remote.RemoteWebDriver.findElement(RemoteWebDriver.java:363)
	at com.Pom.GooglePageObjects.btnGoogleSearch(GooglePageObjects.java:12)
	at com.Pom.GoogleSearch.txtToSearch(GoogleSearch.java:21)
	at com.Pom.TestCaseExecution.verifyTxttoSearch(TestCaseExecution.java:8)
Caused by: java.net.SocketTimeoutException: timeout
	at okio.Okio$4.newTimeoutException(Okio.java:230)
	at okio.AsyncTimeout.exit(AsyncTimeout.java:285)
	at okio.AsyncTimeout$2.read(AsyncTimeout.java:241)
	at okio.RealBufferedSource.indexOf(RealBufferedSource.java:345)
	at okio.RealBufferedSource.readUtf8LineStrict(RealBufferedSource.java:217)
	at okhttp3.internal.http1.Http1Codec.readHeaderLine(Http1Codec.java:212)
	at okhttp3.internal.http1.Http1Codec.readResponseHeaders(Http1Codec.java:189)
	at okhttp3.internal.http.CallServerInterceptor.intercept(CallServerInterceptor.java:88)
	at okhttp3.internal.http.RealInterceptorChain.proceed(RealInterceptorChain.java:147)
	at okhttp3.internal.connection.ConnectInterceptor.intercept(ConnectInterceptor.java:45)
	at okhttp3.internal.http.RealInterceptorChain.proceed(RealInterceptorChain.java:147)
	at okhttp3.internal.http.RealInterceptorChain.proceed(RealInterceptorChain.java:121)
	at okhttp3.internal.cache.CacheInterceptor.intercept(CacheInterceptor.java:93)
	at okhttp3.internal.http.RealInterceptorChain.proceed(RealInterceptorChain.java:147)
	at okhttp3.internal.http.RealInterceptorChain.proceed(RealInterceptorChain.java:121)
	at okhttp3.internal.http.BridgeInterceptor.intercept(BridgeInterceptor.java:93)
	at okhttp3.internal.http.RealInterceptorChain.proceed(RealInterceptorChain.java:147)
	at okhttp3.internal.http.RetryAndFollowUpInterceptor.intercept(RetryAndFollowUpInterceptor.java:125)
	at okhttp3.internal.http.RealInterceptorChain.proceed(RealInterceptorChain.java:147)
	at okhttp3.internal.http.RealInterceptorChain.proceed(RealInterceptorChain.java:121)
	at okhttp3.RealCall.getResponseWithInterceptorChain(RealCall.java:200)
	at okhttp3.RealCall.execute(RealCall.java:77)
	at org.openqa.selenium.remote.internal.OkHttpClient.execute(OkHttpClient.java:97)
	at org.openqa.selenium.remote.internal.OkHttpClient.execute(OkHttpClient.java:47)
	at org.openqa.selenium.remote.HttpCommandExecutor.execute(HttpCommandExecutor.java:157)
	at org.openqa.selenium.remote.service.DriverCommandExecutor.execute(DriverCommandExecutor.java:83)
	... 32 more
Caused by: java.net.SocketTimeoutException: Read timed out
	at java.net.SocketInputStream.socketRead0(Native Method)
	at java.net.SocketInputStream.socketRead(SocketInputStream.java:116)
	at java.net.SocketInputStream.read(SocketInputStream.java:171)
	at java.net.SocketInputStream.read(SocketInputStream.java:141)
	at okio.Okio$2.read(Okio.java:139)
	at okio.AsyncTimeout$2.read(AsyncTimeout.java:237)
	... 55 more
... Removed 24 stack frames]]>
    </failure>
  </testcase> <!-- verifyTxttoSearch -->
</testsuite> <!-- workingwithMdFw  -->
